
main:     file format elf32-littleriscv
main
architecture: riscv:rv32, flags 0x00000112:
EXEC_P, HAS_SYMS, D_PAGED
start address 0x00000000

Program Header:
0x70000003 off    0x0000211b vaddr 0x00000000 paddr 0x00000000 align 2**0
         filesz 0x0000002a memsz 0x00000000 flags r--
    LOAD off    0x00001000 vaddr 0x00000000 paddr 0x00000000 align 2**12
         filesz 0x000001dc memsz 0x000001dc flags r-x
    LOAD off    0x00002000 vaddr 0x00008000 paddr 0x00008000 align 2**12
         filesz 0x00000100 memsz 0x00001100 flags rw-

Sections:
Idx Name          Size      VMA       LMA       File off  Algn
  0 .text         000001cc  00000000  00000000  00001000  2**2
                  CONTENTS, ALLOC, LOAD, READONLY, CODE
  1 .rodata       00000010  000001cc  000001cc  000011cc  2**2
                  CONTENTS, ALLOC, LOAD, READONLY, DATA
  2 _test         00000100  00008000  00008000  00002000  2**0
                  ALLOC
  3 .data         00000000  00008100  00008100  00002100  2**0
                  CONTENTS, ALLOC, LOAD, DATA
  4 .bss          00000000  00008100  00008100  00002100  2**0
                  ALLOC
  5 .stack        00001000  00008100  00008100  00002100  2**0
                  ALLOC
  6 .comment      0000001b  00000000  00000000  00002100  2**0
                  CONTENTS, READONLY
  7 .riscv.attributes 0000002a  00000000  00000000  0000211b  2**0
                  CONTENTS, READONLY
SYMBOL TABLE:
00000000 l    d  .text	00000000 .text
000001cc l    d  .rodata	00000000 .rodata
00008000 l    d  _test	00000000 _test
00008100 l    d  .data	00000000 .data
00008100 l    d  .bss	00000000 .bss
00008100 l    d  .stack	00000000 .stack
00000000 l    d  .comment	00000000 .comment
00000000 l    d  .riscv.attributes	00000000 .riscv.attributes
00000000 l    df *ABS*	00000000 setup.o
00000084 l       .text	00000000 init_bss
00000104 l       .text	00000000 fill_block
0000009c l       .text	00000000 init_sbss
000000b4 l       .text	00000000 write_stack_pattern
000000cc l       .text	00000000 init_stack
000000d4 l       .text	00000000 write_test_pattern
000000ec l       .text	00000000 SystemInit
000000f0 l       .text	00000000 SystemExit
00000100 l       .text	00000000 dead_loop
00000114 l       .text	00000000 fb_end
00000000 l    df *ABS*	00000000 main.c
00008000 g       _test	00000000 _test_start
00008100 g       _test	00000000 __sbss_start
00008900 g       _test	00000000 _gp
00008100 g       _test	00000000 _test_end
00000100 g       *ABS*	00000000 _TEST_SIZE
000001dc g       .rodata	00000000 __rodata_end
00008100 g       .bss	00000000 __bss_end
000001d0 g       .rodata	00000000 mul2
000001d4 g       .rodata	00000000 u_mul1
00008100 g       _test	00000000 __sbss_end
000001d8 g       .rodata	00000000 u_mul2
00000000 g       .text	00000000 _start
000001cc g       .rodata	00000000 __rodata_start
00008100 g       .data	00000000 __data_end
000001cc g       .rodata	00000000 mul1
00008100 g       .bss	00000000 __bss_start
00001000 g       *ABS*	00000000 _STACK_SIZE
0000fffc g       .stack	00000000 _sim_end
00000118 g     F .text	000000b4 main
00008100 g       .stack	00000000 _stack_end
00009100 g       .stack	00000000 __stack
00010000 g       .stack	00000000 _end
00009100 g       .stack	00000000 _stack
00008100 g       .data	00000000 __data_start


Contents of section .text:
 0000 93000000 13010000 93010000 13020000  ................
 0010 93020000 13030000 93030000 13040000  ................
 0020 93040000 13050000 93050000 13060000  ................
 0030 93060000 13070000 93070000 13080000  ................
 0040 93080000 13090000 93090000 130a0000  ................
 0050 930a0000 130b0000 930b0000 130c0000  ................
 0060 930c0000 130d0000 930d0000 130e0000  ................
 0070 930e0000 130f0000 930f0000 97910000  ................
 0080 93814188 17850000 1305c507 97850000  ..A.............
 0090 93850507 13060000 ef00c006 17850000  ................
 00a0 13054506 97850000 93858505 13060000  ..E.............
 00b0 ef004005 17850000 1305c504 97950000  ..@.............
 00c0 93850504 13060000 ef00c003 17910000  ................
 00d0 13014103 17850000 1305c5f2 97850000  ..A.............
 00e0 93850502 13060000 ef00c001 ef00c002  ................
 00f0 97020100 9382c2f0 1303f0ff 23a06200  ............#.b.
 0100 6f000000 6378b500 2320c500 13054500  o...cx..# ....E.
 0110 6ff05fff 67800000 130101ff 23268100  o._.g.......#&..
 0120 13040101 032fc01c 13080f00 135fff41  ...../......._.A
 0130 93080f00 032f001d 13050f00 135fff41  ...../......._.A
 0140 93050f00 b38fa802 338f0503 338fef01  ........3...3...
 0150 b30fa802 b33ea802 138e0f00 b305df01  .....>..........
 0160 938e0500 b7850000 23a0c501 23a2d501  ........#...#...
 0170 8325401d 13860500 93060000 8325801d  .%@..........%..
 0180 13870500 93070000 b7850000 93858500  ................
 0190 3388e602 3385c702 3305a800 3308e602  3...3...3...3...
 01a0 b333e602 13030800 b3077500 93830700  .3........u.....
 01b0 23a06500 23a27500 93070000 13850700  #.e.#.u.........
 01c0 0324c100 13010101 67800000           .$......g...    
Contents of section .rodata:
 01cc 4d3c2b1a 32547698 4d3c2b1a 32547698  M<+.2Tv.M<+.2Tv.
Contents of section .comment:
 0000 4743433a 20286763 38393164 38646332  GCC: (gc891d8dc2
 0010 33652920 31332e32 2e3000             3e) 13.2.0.     
Contents of section .riscv.attributes:
 0000 41290000 00726973 63760001 1f000000  A)...riscv......
 0010 04100572 76333269 3270315f 6d327030  ...rv32i2p1_m2p0
 0020 5f7a6d6d 756c3170 3000               _zmmul1p0.      

Disassembly of section .text:

00000000 <_start>:
   0:	00000093          	li	ra,0
   4:	00000113          	li	sp,0
   8:	00000193          	li	gp,0
   c:	00000213          	li	tp,0
  10:	00000293          	li	t0,0
  14:	00000313          	li	t1,0
  18:	00000393          	li	t2,0
  1c:	00000413          	li	s0,0
  20:	00000493          	li	s1,0
  24:	00000513          	li	a0,0
  28:	00000593          	li	a1,0
  2c:	00000613          	li	a2,0
  30:	00000693          	li	a3,0
  34:	00000713          	li	a4,0
  38:	00000793          	li	a5,0
  3c:	00000813          	li	a6,0
  40:	00000893          	li	a7,0
  44:	00000913          	li	s2,0
  48:	00000993          	li	s3,0
  4c:	00000a13          	li	s4,0
  50:	00000a93          	li	s5,0
  54:	00000b13          	li	s6,0
  58:	00000b93          	li	s7,0
  5c:	00000c13          	li	s8,0
  60:	00000c93          	li	s9,0
  64:	00000d13          	li	s10,0
  68:	00000d93          	li	s11,0
  6c:	00000e13          	li	t3,0
  70:	00000e93          	li	t4,0
  74:	00000f13          	li	t5,0
  78:	00000f93          	li	t6,0
  7c:	00009197          	auipc	gp,0x9
  80:	88418193          	addi	gp,gp,-1916 # 8900 <_gp>

00000084 <init_bss>:
  84:	00008517          	auipc	a0,0x8
  88:	07c50513          	addi	a0,a0,124 # 8100 <__bss_end>
  8c:	00008597          	auipc	a1,0x8
  90:	07058593          	addi	a1,a1,112 # 80fc <_test_start+0xfc>
  94:	00000613          	li	a2,0
  98:	06c000ef          	jal	104 <fill_block>

0000009c <init_sbss>:
  9c:	00008517          	auipc	a0,0x8
  a0:	06450513          	addi	a0,a0,100 # 8100 <__bss_end>
  a4:	00008597          	auipc	a1,0x8
  a8:	05858593          	addi	a1,a1,88 # 80fc <_test_start+0xfc>
  ac:	00000613          	li	a2,0
  b0:	054000ef          	jal	104 <fill_block>

000000b4 <write_stack_pattern>:
  b4:	00008517          	auipc	a0,0x8
  b8:	04c50513          	addi	a0,a0,76 # 8100 <__bss_end>
  bc:	00009597          	auipc	a1,0x9
  c0:	04058593          	addi	a1,a1,64 # 90fc <_gp+0x7fc>
  c4:	00000613          	li	a2,0
  c8:	03c000ef          	jal	104 <fill_block>

000000cc <init_stack>:
  cc:	00009117          	auipc	sp,0x9
  d0:	03410113          	addi	sp,sp,52 # 9100 <__stack>

000000d4 <write_test_pattern>:
  d4:	00008517          	auipc	a0,0x8
  d8:	f2c50513          	addi	a0,a0,-212 # 8000 <_test_start>
  dc:	00008597          	auipc	a1,0x8
  e0:	02058593          	addi	a1,a1,32 # 80fc <_test_start+0xfc>
  e4:	00000613          	li	a2,0
  e8:	01c000ef          	jal	104 <fill_block>

000000ec <SystemInit>:
  ec:	02c000ef          	jal	118 <main>

000000f0 <SystemExit>:
  f0:	00010297          	auipc	t0,0x10
  f4:	f0c28293          	addi	t0,t0,-244 # fffc <_sim_end>
  f8:	fff00313          	li	t1,-1
  fc:	0062a023          	sw	t1,0(t0)

00000100 <dead_loop>:
 100:	0000006f          	j	100 <dead_loop>

00000104 <fill_block>:
 104:	00b57863          	bgeu	a0,a1,114 <fb_end>
 108:	00c52023          	sw	a2,0(a0)
 10c:	00450513          	addi	a0,a0,4
 110:	ff5ff06f          	j	104 <fill_block>

00000114 <fb_end>:
 114:	00008067          	ret

00000118 <main>:
 118:	ff010113          	addi	sp,sp,-16
 11c:	00812623          	sw	s0,12(sp)
 120:	01010413          	addi	s0,sp,16
 124:	1cc02f03          	lw	t5,460(zero) # 1cc <__rodata_start>
 128:	000f0813          	mv	a6,t5
 12c:	41ff5f13          	srai	t5,t5,0x1f
 130:	000f0893          	mv	a7,t5
 134:	1d002f03          	lw	t5,464(zero) # 1d0 <mul2>
 138:	000f0513          	mv	a0,t5
 13c:	41ff5f13          	srai	t5,t5,0x1f
 140:	000f0593          	mv	a1,t5
 144:	02a88fb3          	mul	t6,a7,a0
 148:	03058f33          	mul	t5,a1,a6
 14c:	01ef8f33          	add	t5,t6,t5
 150:	02a80fb3          	mul	t6,a6,a0
 154:	02a83eb3          	mulhu	t4,a6,a0
 158:	000f8e13          	mv	t3,t6
 15c:	01df05b3          	add	a1,t5,t4
 160:	00058e93          	mv	t4,a1
 164:	000085b7          	lui	a1,0x8
 168:	01c5a023          	sw	t3,0(a1) # 8000 <_test_start>
 16c:	01d5a223          	sw	t4,4(a1)
 170:	1d402583          	lw	a1,468(zero) # 1d4 <u_mul1>
 174:	00058613          	mv	a2,a1
 178:	00000693          	li	a3,0
 17c:	1d802583          	lw	a1,472(zero) # 1d8 <u_mul2>
 180:	00058713          	mv	a4,a1
 184:	00000793          	li	a5,0
 188:	000085b7          	lui	a1,0x8
 18c:	00858593          	addi	a1,a1,8 # 8008 <_test_start+0x8>
 190:	02e68833          	mul	a6,a3,a4
 194:	02c78533          	mul	a0,a5,a2
 198:	00a80533          	add	a0,a6,a0
 19c:	02e60833          	mul	a6,a2,a4
 1a0:	02e633b3          	mulhu	t2,a2,a4
 1a4:	00080313          	mv	t1,a6
 1a8:	007507b3          	add	a5,a0,t2
 1ac:	00078393          	mv	t2,a5
 1b0:	0065a023          	sw	t1,0(a1)
 1b4:	0075a223          	sw	t2,4(a1)
 1b8:	00000793          	li	a5,0
 1bc:	00078513          	mv	a0,a5
 1c0:	00c12403          	lw	s0,12(sp)
 1c4:	01010113          	addi	sp,sp,16
 1c8:	00008067          	ret
